#
# There is insufficient memory for the Java Runtime Environment to continue.
# Native memory allocation (malloc) failed to allocate 32744 bytes for ChunkPool::allocate
# Possible reasons:
#   The system is out of physical RAM or swap space
#   In 32 bit mode, the process size limit was hit
# Possible solutions:
#   Reduce memory load on the system
#   Increase physical memory or swap space
#   Check if swap backing store is full
#   Use 64 bit Java on a 64 bit OS
#   Decrease Java heap size (-Xmx/-Xms)
#   Decrease number of Java threads
#   Decrease Java thread stack sizes (-Xss)
#   Set larger code cache with -XX:ReservedCodeCacheSize=
# This output file may be truncated or incomplete.
#
#  Out of Memory Error (allocation.cpp:273), pid=7584, tid=0x0000000000001e9c
#
# JRE version: OpenJDK Runtime Environment (8.0_76-b03) (build 1.8.0_76-release-b03)
# Java VM: OpenJDK 64-Bit Server VM (25.76-b03 mixed mode windows-amd64 compressed oops)
# Failed to write core dump. Minidumps are not enabled by default on client versions of Windows
#

---------------  T H R E A D  ---------------

Current thread (0x0000000007086800):  JavaThread "C1 CompilerThread2" daemon [_thread_in_native, id=7836, stack(0x0000000007960000,0x0000000007a60000)]

Stack: [0x0000000007960000,0x0000000007a60000]
[error occurred during error reporting (printing stack bounds), id 0xc0000005]

Native frames: (J=compiled Java code, j=interpreted, Vv=VM code, C=native code)


Current CompileTask:
C1:   1876  608   !   3       com.android.dx.cf.code.BytecodeArray::
[error occurred during error reporting (printing current compile task), id 0xe0000001]


---------------  P R O C E S S  ---------------

Java Threads: ( => current thread )
  0x000000000710b800 JavaThread "Service Thread" daemon [_thread_blocked, id=8132, stack(0x0000000007830000,0x0000000007930000)]
=>0x0000000007086800 JavaThread "C1 CompilerThread2" daemon [_thread_in_native, id=7836, stack(0x0000000007960000,0x0000000007a60000)]
  0x0000000007085800 JavaThread "C2 CompilerThread1" daemon [_thread_blocked, id=5088, stack(0x00000000076e0000,0x00000000077e0000)]
  0x0000000007083800 JavaThread "C2 CompilerThread0" daemon [_thread_blocked, id=4360, stack(0x00000000075e0000,0x00000000076e0000)]
  0x0000000007080800 JavaThread "Attach Listener" daemon [_thread_blocked, id=5208, stack(0x0000000006c50000,0x0000000006d50000)]
  0x0000000005d55000 JavaThread "Signal Dispatcher" daemon [_thread_blocked, id=1316, stack(0x0000000007490000,0x0000000007590000)]
  0x0000000005d3b800 JavaThread "Finalizer" daemon [_thread_blocked, id=4144, stack(0x0000000002ca0000,0x0000000002da0000)]
  0x0000000005cf4800 JavaThread "Reference Handler" daemon [_thread_blocked, id=3628, stack(0x0000000006f80000,0x0000000007080000)]
  0x00000000002ae000 JavaThread "main" [_thread_in_Java, id=1152, stack(0x0000000002230000,0x0000000002330000)]

Other Threads:
  0x0000000005ced000 VMThread [stack: 0x0000000006e10000,0x0000000006f10000] [id=7676]
  0x0000000007115000 WatcherThread [stack: 0x0000000007ba0000,0x0000000007ca0000] [id=5092]

VM state:not at safepoint (normal execution)

VM Mutex/Monitor currently owned by a thread: None

Heap:
 PSYoungGen      total 18944K, used 9808K [0x00000000eab00000, 0x00000000ec000000, 0x0000000100000000)
  eden space 16384K, 59% used [0x00000000eab00000,0x00000000eb4942f8,0x00000000ebb00000)
  from space 2560K, 0% used [0x00000000ebd80000,0x00000000ebd80000,0x00000000ec000000)
  to   space 2560K, 0% used [0x00000000ebb00000,0x00000000ebb00000,0x00000000ebd80000)
 ParOldGen       total 44032K, used 0K [0x00000000c0000000, 0x00000000c2b00000, 0x00000000eab00000)
  object space 44032K, 0% used [0x00000000c0000000,0x00000000c0000000,0x00000000c2b00000)
 Metaspace       used 5203K, capacity 6512K, committed 6784K, reserved 1060864K
  class space    used 534K, capacity 616K, committed 640K, reserved 1048576K

Card table byte_map: [0x00000000026f0000,0x0000000002900000] byte_map_base: 0x00000000020f0000

Marking Bits: (ParMarkBitMap*) 0x0000000061099d00
 Begin Bits: [0x0000000003160000, 0x0000000004160000)
 End Bits:   [0x0000000004160000, 0x0000000005160000)

Polling page: 0x0000000000250000

CodeCache: size=245760Kb used=2404Kb max_used=2416Kb free=243355Kb
 bounds [0x000000000f010000, 0x000000000f280000, 0x000000001e010000]
 total_blobs=871 nmethods=607 adapters=178
 compilation: enabled

Compilation events (10 events):
Event: 1.863 Thread 0x0000000007086800 nmethod 603 0x000000000f2672d0 code [0x000000000f267440, 0x000000000f2675c8]
Event: 1.863 Thread 0x0000000007086800  605       3       com.android.dx.cf.code.RopperMachine::jopToRopOpcode (1103 bytes)
Event: 1.865 Thread 0x0000000007086800 nmethod 605 0x000000000f268190 code [0x000000000f2684a0, 0x000000000f26a698]
Event: 1.865 Thread 0x0000000007086800  606       3       com.android.dx.cf.code.LocalVariableList$Item::matchesPcAndIndex (35 bytes)
Event: 1.865 Thread 0x0000000007086800 nmethod 606 0x000000000f266e90 code [0x000000000f267000, 0x000000000f267230]
Event: 1.865 Thread 0x0000000007086800  607       3       com.android.dx.rop.type.Type::getBasicFrameType (60 bytes)
Event: 1.865 Thread 0x0000000007086800 nmethod 607 0x000000000f266b10 code [0x000000000f266c60, 0x000000000f266df0]
Event: 1.865 Thread 0x0000000007086800  608   !   3       com.android.dx.cf.code.BytecodeArray::parseInstruction (2764 bytes)
Event: 1.869 Thread 0x0000000007085800  615       4       com.android.dx.util.IntList::add (65 bytes)
Event: 1.873 Thread 0x0000000007085800 nmethod 615 0x000000000f26ca10 code [0x000000000f26cb60, 0x000000000f26ce98]

GC Heap History (0 events):
No events

Deoptimization events (2 events):
Event: 1.479 Thread 0x00000000002ae000 Uncommon trap: reason=unstable_if action=reinterpret pc=0x000000000f177484 method=java.lang.String.indexOf(II)I @ 49
Event: 1.866 Thread 0x00000000002ae000 Uncommon trap: reason=unstable_if action=reinterpret pc=0x000000000f226c6c method=java.util.HashMap.getNode(ILjava/lang/Object;)Ljava/util/HashMap$Node; @ 62

Internal exceptions (2 events):
Event: 0.196 Thread 0x00000000002ae000 Exception <a 'java/lang/NoSuchMethodError': Method sun.misc.Unsafe.defineClass(Ljava/lang/String;[BII)Ljava/lang/Class; name or signature does not match> (0x00000000eab07cc0) thrown at [C:\src\android\AOSP-openjdk\external\jetbrains\jdk\hotspot\src\share\vÙ$‚N %É?
Event: 0.196 Thread 0x00000000002ae000 Exception <a 'java/lang/NoSuchMethodError': Method sun.misc.Unsafe.prefetchRead(Ljava/lang/Object;J)V name or signature does not match> (0x00000000eab07fa8) thrown at [C:\src\android\AOSP-openjdk\external\jetbrains\jdk\hotspot\src\share\vm\prims\jni.cpp, l

Events (10 events):
Event: 1.859 Executing VM operation: CollectForMetadataAllocation done
Event: 1.865 loading class com/android/dx/cf/code/Ropper$ExceptionHandlerSetup
Event: 1.865 loading class com/android/dx/cf/code/Ropper$ExceptionHandlerSetup done
Event: 1.866 Thread 0x00000000002ae000 Uncommon trap: trap_request=0xffffff65 fr.pc=0x000000000f226c6c
Event: 1.866 Thread 0x00000000002ae000 DEOPT PACKING pc=0x000000000f226c6c sp=0x000000000232e4c0
Event: 1.866 Thread 0x00000000002ae000 DEOPT UNPACKING pc=0x000000000f05556a sp=0x000000000232e438 mode 2
Event: 1.867 loading class java/util/HashMap$Values
Event: 1.869 loading class java/util/HashMap$Values done
Event: 1.869 loading class java/util/HashMap$ValueIterator
Event: 1.869 loading class java/util/HashMap$ValueIterator done


Dynamic libraries:
0x000000013f940000 - 0x000000013f971000 	D:\AndroidStudio\android-studio-ide-145.3225885-windows\android-studio\jre\bin\java.exe
0x0000000076e50000 - 0x0000000076ff9000 	C:\Windows\SYSTEM32\ntdll.dll
0x000007fef4a70000 - 0x000007fef4aa3000 	C:\Program Files (x86)\AVG\Av\avghooka.dll
0x0000000076c30000 - 0x0000000076d4f000 	C:\Windows\system32\kernel32.dll
0x000007fefbcb0000 - 0x000007fefbd1c000 	C:\Windows\system32\KERNELBASE.dll
0x000007fefd000000 - 0x000007fefd0db000 	C:\Windows\system32\ADVAPI32.dll
0x000007fefd180000 - 0x000007fefd21f000 	C:\Windows\system32\msvcrt.dll
0x000007fefd5e0000 - 0x000007fefd5ff000 	C:\Windows\SYSTEM32\sechost.dll
0x000007fefc140000 - 0x000007fefc26d000 	C:\Windows\system32\RPCRT4.dll
0x0000000076d50000 - 0x0000000076e4a000 	C:\Windows\system32\USER32.dll
0x000007fefc050000 - 0x000007fefc0b7000 	C:\Windows\system32\GDI32.dll
0x000007fefd6f0000 - 0x000007fefd6fe000 	C:\Windows\system32\LPK.dll
0x000007fefdb70000 - 0x000007fefdc39000 	C:\Windows\system32\USP10.dll
0x000007fefa390000 - 0x000007fefa584000 	C:\Windows\WinSxS\amd64_microsoft.windows.common-controls_6595b64144ccf1df_6.0.7601.17514_none_fa396087175ac9ac\COMCTL32.dll
0x000007fefc0c0000 - 0x000007fefc131000 	C:\Windows\system32\SHLWAPI.dll
0x000007fefbda0000 - 0x000007fefbdce000 	C:\Windows\system32\IMM32.DLL
0x000007fefd220000 - 0x000007fefd329000 	C:\Windows\system32\MSCTF.dll
0x000007fefb8c0000 - 0x000007fefb8f4000 	C:\Windows\system32\nvinitx.dll
0x000000000f000000 - 0x000000000f006000 	C:\Program Files\NVIDIA Corporation\CoProcManager\detoured.dll
0x000007fef8b20000 - 0x000007fef8b4d000 	C:\Program Files\NVIDIA Corporation\CoProcManager\nvd3d9wrapx.dll
0x000007fefd700000 - 0x000007fefd8d7000 	C:\Windows\system32\SETUPAPI.dll
0x000007fefbc70000 - 0x000007fefbca6000 	C:\Windows\system32\CFGMGR32.dll
0x000007fefd610000 - 0x000007fefd6e7000 	C:\Windows\system32\OLEAUT32.dll
0x000007fefd960000 - 0x000007fefdb63000 	C:\Windows\system32\ole32.dll
0x000007fefbd30000 - 0x000007fefbd4a000 	C:\Windows\system32\DEVOBJ.dll
0x000007fef8ab0000 - 0x000007fef8ad2000 	C:\Program Files\NVIDIA Corporation\CoProcManager\nvdxgiwrapx.dll
0x00000000605c0000 - 0x0000000060692000 	D:\AndroidStudio\android-studio-ide-145.3225885-windows\android-studio\jre\jre\bin\msvcr100.dll
0x00000000608e0000 - 0x0000000061114000 	D:\AndroidStudio\android-studio-ide-145.3225885-windows\android-studio\jre\jre\bin\server\jvm.dll
0x000007feebee0000 - 0x000007feebee9000 	C:\Windows\system32\WSOCK32.dll
0x000007fefbd50000 - 0x000007fefbd9d000 	C:\Windows\system32\WS2_32.dll
0x000007fefd600000 - 0x000007fefd608000 	C:\Windows\system32\NSI.dll
0x000007fef8ae0000 - 0x000007fef8b1b000 	C:\Windows\system32\WINMM.dll
0x000007fefaa20000 - 0x000007fefaa2c000 	C:\Windows\system32\VERSION.dll
0x0000000077020000 - 0x0000000077027000 	C:\Windows\system32\PSAPI.DLL
0x000007fef3560000 - 0x000007fef356f000 	D:\AndroidStudio\android-studio-ide-145.3225885-windows\android-studio\jre\jre\bin\verify.dll
0x000007fee0360000 - 0x000007fee0389000 	D:\AndroidStudio\android-studio-ide-145.3225885-windows\android-studio\jre\jre\bin\java.dll
0x000007fef3540000 - 0x000007fef3556000 	D:\AndroidStudio\android-studio-ide-145.3225885-windows\android-studio\jre\jre\bin\zip.dll
0x000007fefc270000 - 0x000007fefcff8000 	C:\Windows\system32\SHELL32.dll
0x000007fefb9a0000 - 0x000007fefb9af000 	C:\Windows\system32\profapi.dll

VM Arguments:
jvm_args: -Djava.awt.headless=true -Xmx1024M -Dfile.encoding=windows-1250 -Duser.country=US -Duser.language=en -Duser.variant 
java_command: com.android.dx.command.Main --dex --output D:\CarParking\RemoteRelayNewWay\app\build\intermediates\pre-dexed\debug\rxjava-1.1.6_a58bb35876c6758eb6dc6435a48df82ddd2de801.jar C:\Users\jrq\.gradle\caches\modules-2\files-2.1\io.reactivex\rxjava\1.1.6\2586312cd2b8a511e4c6236736f5a039fc0f2273\rxjava-1.1.6.jar
java_class_path (initial): C:\Users\jrq\AppData\Local\Android\sdk\build-tools\21.0.2\lib\dx.jar
Launcher Type: SUN_STANDARD

Environment Variables:
JAVA_HOME=C:\Program Files\Java\jdk1.8.0_77
PATH=C:\WinAVR-20100110\bin;C:\WinAVR-20100110\utils\bin;C:\Python34\;C:\Python34\Scripts;C:\ProgramData\Oracle\Java\javapath;C:\Windows\system32;C:\Windows;C:\Windows\System32\Wbem;C:\Windows\System32\WindowsPowerShell\v1.0\;C:\Program Files (x86)\NVIDIA Corporation\PhysX\Common;C:\Windows\system32\config\systemprofile\.dnx\bin;C:\Program Files\Microsoft DNX\Dnvm\;C:\Program Files\Calibre2\;D:\Calibre2\;C:\Program Files\TortoiseGit\bin;C:\Program Files\Git\cmd;C:\Program Files\TortoiseSVN\bin;C:\Program Files\Java\jdk1.8.0_77\bin;C:\Users\jrq\Downloads\apache-maven-3.3.9-bin\apache-maven-3.3.9\bin
USERNAME=jrq
OS=Windows_NT
PROCESSOR_IDENTIFIER=Intel64 Family 6 Model 58 Stepping 9, GenuineIntel



---------------  S Y S T E M  ---------------

OS: Windows 7 , 64 bit Build 7601 (6.1.7601.18409)

CPU:total 4 (2 cores per cpu, 2 threads per core) family 6 model 58 stepping 9, cmov, cx8, fxsr, mmx, sse, sse2, sse3, ssse3, sse4.1, sse4.2, popcnt, avx, aes, clmul, erms, ht, tsc, tscinvbit, tscinv

Memory: 4k page, physical 4077364k(170620k free), swap 5899376k(5108k free)

vm_info: OpenJDK 64-Bit Server VM (25.76-b03) for windows-amd64 JRE (1.8.0_76-release-b03), built on Jun 29 2016 19:09:20 by "ralucas" with MS VC++ 10.0 (VS2010)

time: Thu Nov 03 18:13:41 2016
elapsed time: 1 seconds (0d 0h 0m 1s)

